<?xml version="1.0" encoding="utf-8"?><testsuites><testsuite name="pytest" errors="0" failures="0" skipped="0" tests="5" time="0.387" timestamp="2024-01-31T22:56:02.587551" hostname="jvdsmac.local"><testcase classname="app.tests.payment_get_usecase_test.PaymentPostUseCase" name="test_getByIdAndDateTimePaid_ok" time="0.001" /><testcase classname="app.tests.payment_get_usecase_test.PaymentPostUseCase" name="test_getById_ok" time="0.001" /><testcase classname="app.tests.payment_get_usecase_test.PaymentPostUseCase" name="test_getByOrderId_ok" time="0.001" /><testcase classname="app.tests.payment_paid_usecase_test.PaymentPutUseCase" name="test_execute_ok" time="0.001" /><testcase classname="app.tests.payment_post_usecase_test.PaymentPostUseCase" name="test_savePayments_ok" time="0.001" /></testsuite></testsuites>